2016-01-26T17:53:00.318049+00:00 app[web.1]:   [1m[35mContact Load (1.2ms)[0m  SELECT  "contacts".* FROM "contacts" WHERE "contacts"."id" = $1 LIMIT 1  [["id", 5]]
2016-01-26T17:53:00.313430+00:00 app[web.1]: Processing by ContactsController#edit as HTML
2016-01-26T17:53:00.348952+00:00 app[web.1]:   [1m[36mCACHE (0.0ms)[0m  [1mSELECT "roles".* FROM "roles" INNER JOIN "users_roles" ON "roles"."id" = "users_roles"."role_id" WHERE "users_roles"."user_id" = $1 AND (((roles.name = 'admin') AND (roles.resource_type IS NULL) AND (roles.resource_id IS NULL)))[0m  [["user_id", 1]]
2016-01-26T17:53:00.345706+00:00 app[web.1]:   Rendered contacts/edit.html.erb within layouts/application (20.6ms)
2016-01-26T17:53:00.313453+00:00 app[web.1]:   Parameters: {"id"=>"5"}
2016-01-26T17:53:00.344304+00:00 app[web.1]:   [1m[36mUser Load (4.0ms)[0m  [1mSELECT "users".* FROM "users"[0m
2016-01-26T17:53:00.321667+00:00 app[web.1]:   [1m[36mRole Load (1.3ms)[0m  [1mSELECT "roles".* FROM "roles" INNER JOIN "users_roles" ON "roles"."id" = "users_roles"."role_id" WHERE "users_roles"."user_id" = $1 AND (((roles.name = 'admin') AND (roles.resource_type IS NULL) AND (roles.resource_id IS NULL)))[0m  [["user_id", 1]]
2016-01-26T17:53:00.335648+00:00 app[web.1]:   [1m[36mGroup Load (1.3ms)[0m  [1mSELECT "groups".* FROM "groups" INNER JOIN "group_memberships" ON "groups"."id" = "group_memberships"."group_id" WHERE "group_memberships"."contact_id" = $1[0m  [["contact_id", 5]]
2016-01-26T17:53:00.345654+00:00 app[web.1]:   Rendered contacts/_form.html.erb (20.5ms)
2016-01-26T17:53:00.348322+00:00 app[web.1]:   [1m[35m (1.3ms)[0m  SELECT COUNT(*) FROM "roles" WHERE "roles"."name" = $1  [["name", "admin"]]
2016-01-26T17:53:00.349614+00:00 app[web.1]:   Rendered layouts/_messages.html.erb (0.1ms)
2016-01-26T17:53:00.349446+00:00 app[web.1]:   Rendered layouts/_navigation.html.erb (3.2ms)
2016-01-26T17:53:00.316347+00:00 app[web.1]:   [1m[36mUser Load (2.0ms)[0m  [1mSELECT  "users".* FROM "users" WHERE "users"."id" = $1 LIMIT 1[0m  [["id", 1]]
2016-01-26T17:53:00.349820+00:00 app[web.1]: Completed 200 OK in 36ms (Views: 17.2ms | ActiveRecord: 13.6ms)
2016-01-26T17:53:00.349400+00:00 app[web.1]:   Rendered layouts/_nav_links_for_auth.html.erb (2.9ms)
2016-01-26T17:53:13.952693+00:00 app[web.1]: Processing by ContactsController#edit as HTML
2016-01-26T17:53:13.952699+00:00 app[web.1]:   Parameters: {"id"=>"5"}
2016-01-26T17:53:13.976800+00:00 app[web.1]:   [1m[35mUser Load (1.1ms)[0m  SELECT "users".* FROM "users"
2016-01-26T17:53:13.972015+00:00 app[web.1]:   [1m[35mGroup Load (1.3ms)[0m  SELECT "groups".* FROM "groups" INNER JOIN "group_memberships" ON "groups"."id" = "group_memberships"."group_id" WHERE "group_memberships"."contact_id" = $1  [["contact_id", 5]]
2016-01-26T17:53:13.954586+00:00 app[web.1]:   [1m[35mUser Load (1.3ms)[0m  SELECT  "users".* FROM "users" WHERE "users"."id" = $1 LIMIT 1  [["id", 1]]
2016-01-26T17:53:13.959291+00:00 app[web.1]:   [1m[35mRole Load (1.5ms)[0m  SELECT "roles".* FROM "roles" INNER JOIN "users_roles" ON "roles"."id" = "users_roles"."role_id" WHERE "users_roles"."user_id" = $1 AND (((roles.name = 'admin') AND (roles.resource_type IS NULL) AND (roles.resource_id IS NULL)))  [["user_id", 1]]
2016-01-26T17:53:13.982338+00:00 app[web.1]: Completed 200 OK in 30ms (Views: 15.8ms | ActiveRecord: 10.0ms)
2016-01-26T17:53:13.950459+00:00 app[web.1]: Started GET "/contacts/5/edit" for 73.163.103.193 at 2016-01-26 17:53:13 +0000
2016-01-26T17:53:13.956298+00:00 app[web.1]:   [1m[36mContact Load (1.2ms)[0m  [1mSELECT  "contacts".* FROM "contacts" WHERE "contacts"."id" = $1 LIMIT 1[0m  [["id", 5]]
2016-01-26T17:53:13.981942+00:00 app[web.1]:   Rendered layouts/_navigation.html.erb (3.2ms)
2016-01-26T17:53:13.982115+00:00 app[web.1]:   Rendered layouts/_messages.html.erb (0.1ms)
2016-01-26T17:53:13.980747+00:00 app[web.1]:   [1m[36m (1.2ms)[0m  [1mSELECT COUNT(*) FROM "roles" WHERE "roles"."name" = $1[0m  [["name", "admin"]]
2016-01-26T17:53:13.981866+00:00 app[web.1]:   Rendered layouts/_nav_links_for_auth.html.erb (2.7ms)
2016-01-26T17:53:13.981384+00:00 app[web.1]:   [1m[35mCACHE (0.0ms)[0m  SELECT "roles".* FROM "roles" INNER JOIN "users_roles" ON "roles"."id" = "users_roles"."role_id" WHERE "users_roles"."user_id" = $1 AND (((roles.name = 'admin') AND (roles.resource_type IS NULL) AND (roles.resource_id IS NULL)))  [["user_id", 1]]
2016-01-26T17:53:13.979009+00:00 app[web.1]:   Rendered layouts/_navigation_links.html.erb (0.0ms)
2016-01-26T17:53:13.978300+00:00 app[web.1]:   Rendered contacts/edit.html.erb within layouts/application (16.2ms)
2016-01-26T17:53:13.978192+00:00 app[web.1]:   Rendered contacts/_form.html.erb (16.1ms)
2016-01-26T17:53:13.974093+00:00 app[web.1]:   [1m[36mGroup Load (1.2ms)[0m  [1mSELECT "groups".* FROM "groups"[0m
2016-01-26T17:53:13.961595+00:00 app[web.1]:   [1m[36m (1.3ms)[0m  [1mSELECT COUNT(*) FROM "roles" INNER JOIN "users_roles" ON "roles"."id" = "users_roles"."role_id" WHERE "users_roles"."user_id" = $1 AND (((roles.name = 'admin') AND (roles.resource_type IS NULL) AND (roles.resource_id IS NULL)) OR ((roles.name = 'user') AND (roles.resource_type IS NULL) AND (roles.resource_id IS NULL)))[0m  [["user_id", 1]]
2016-01-26T17:53:00.379357+00:00 heroku[router]: at=info method=GET path="/contacts/5/edit" host=text-pflag.herokuapp.com request_id=7097fe7c-5541-410d-82ce-704323ab25a3 fwd="73.163.103.193" dyno=web.1 connect=1ms service=43ms status=200 bytes=5026
2016-01-26T17:59:33.632581+00:00 app[web.1]: Started POST "/twilio/inbound" for 52.90.148.84 at 2016-01-26 17:59:33 +0000
2016-01-26T17:59:33.643034+00:00 app[web.1]:   [1m[35mSQL (1.3ms)[0m  INSERT INTO "messages" ("to_phone_number", "from_phone_number", "body", "direction", "created_at", "updated_at") VALUES ($1, $2, $3, $4, $5, $6) RETURNING "id"  [["to_phone_number", "2027592300"], ["from_phone_number", "8033609843"], ["body", "Test"], ["direction", "incoming"], ["created_at", "2016-01-26 17:59:33.639521"], ["updated_at", "2016-01-26 17:59:33.639521"]]
2016-01-26T17:59:33.649811+00:00 app[web.1]:   [1m[35mContact Load (1.3ms)[0m  SELECT  "contacts".* FROM "contacts" WHERE (phone_number LIKE '%+18033609843')  ORDER BY "contacts"."id" ASC LIMIT 1
2016-01-26T17:59:33.655247+00:00 app[web.1]:   [1m[35mContact Load (1.1ms)[0m  SELECT "contacts".* FROM "contacts" WHERE "contacts"."user_id" = $1  [["user_id", 1]]
2016-01-26T17:59:33.670788+00:00 app[web.1]:   [1m[35mSQL (1.1ms)[0m  INSERT INTO "messages" ("from_phone_number", "to_phone_number", "message_type", "direction", "status", "body", "created_at", "updated_at") VALUES ($1, $2, $3, $4, $5, $6, $7, $8) RETURNING "id"  [["from_phone_number", "David Manuel <+18033609843>"], ["to_phone_number", "2027592300"], ["message_type", "Text"], ["direction", "outgoing"], ["status", "forwarding"], ["body", "DO NOT REPLY... From David Manuel <+18033609843>: Test"], ["created_at", "2016-01-26 17:59:33.667408"], ["updated_at", "2016-01-26 17:59:33.667408"]]
2016-01-26T17:59:33.678231+00:00 app[web.1]:   [1m[35mSQL (1.1ms)[0m  INSERT INTO "contacts_messages" ("contact_id", "message_id") VALUES ($1, $2)  [["contact_id", 2], ["message_id", 74]]
2016-01-26T17:59:33.635717+00:00 app[web.1]: Processing by TwilioController#inbound as */*
2016-01-26T17:59:33.635772+00:00 app[web.1]:   Parameters: {"ToCountry"=>"US", "ToState"=>"District Of Columbia", "SmsMessageSid"=>"SM4f5de8f92e95887f6bf6267776f5fe14", "NumMedia"=>"0", "ToCity"=>"", "FromZip"=>"29169", "SmsSid"=>"SM4f5de8f92e95887f6bf6267776f5fe14", "FromState"=>"SC", "SmsStatus"=>"received", "FromCity"=>"COLUMBIA", "Body"=>"Test", "FromCountry"=>"US", "To"=>"2027592300", "ToZip"=>"", "NumSegments"=>"1", "MessageSid"=>"SM4f5de8f92e95887f6bf6267776f5fe14", "AccountSid"=>"AC26cffd81446061228c9feb816c7744f2", "From"=>"8033609843", "ApiVersion"=>"2008-08-01"}
2016-01-26T17:59:33.675182+00:00 app[web.1]:   [1m[36mSQL (1.2ms)[0m  [1mINSERT INTO "contacts_messages" ("contact_id", "message_id") VALUES ($1, $2)[0m  [["contact_id", 1], ["message_id", 74]]
2016-01-26T17:59:33.653434+00:00 app[web.1]:   [1m[36mUser Load (1.5ms)[0m  [1mSELECT "users".* FROM "users" INNER JOIN "users_roles" ON "users_roles"."user_id" = "users"."id" INNER JOIN "roles" ON "roles"."id" = "users_roles"."role_id" WHERE (((roles.name = 'admin') AND (roles.resource_type IS NULL) AND (roles.resource_id IS NULL)))[0m
2016-01-26T17:59:33.639213+00:00 app[web.1]:   [1m[36m (1.0ms)[0m  [1mBEGIN[0m
2016-01-26T17:59:33.659149+00:00 app[web.1]:   [1m[36mContact Load (1.4ms)[0m  [1mSELECT "contacts".* FROM "contacts" WHERE "contacts"."id" IN (1, 2)[0m
2016-01-26T17:59:33.686952+00:00 app[web.1]:   [1m[36mGroup Load (1.2ms)[0m  [1mSELECT "groups".* FROM "groups" INNER JOIN "groups_messages" ON "groups"."id" = "groups_messages"."group_id" WHERE "groups_messages"."message_id" = $1[0m  [["message_id", 74]]
2016-01-26T17:59:33.647400+00:00 app[web.1]:   [1m[36mSQL (1.5ms)[0m  [1mINSERT INTO "message_logs" ("sid", "status", "message_type", "to_phone_number", "from_phone_number", "date_sent", "message_id", "created_at", "updated_at") VALUES ($1, $2, $3, $4, $5, $6, $7, $8, $9) RETURNING "id"[0m  [["sid", "SM4f5de8f92e95887f6bf6267776f5fe14"], ["status", "received"], ["message_type", "Text"], ["to_phone_number", "+12027592300"], ["from_phone_number", "+18033609843"], ["date_sent", "2016-01-26 17:59:33.637544"], ["message_id", 73], ["created_at", "2016-01-26 17:59:33.643945"], ["updated_at", "2016-01-26 17:59:33.643945"]]
2016-01-26T17:59:33.988978+00:00 app[web.1]:   [1m[35mSQL (2.2ms)[0m  INSERT INTO "message_logs" ("sid", "to_phone_number", "from_phone_number", "message_type", "message_id", "date_sent", "created_at", "updated_at") VALUES ($1, $2, $3, $4, $5, $6, $7, $8) RETURNING "id"  [["sid", "SM2e823a0d633144b1958bb243ed5cf373"], ["to_phone_number", "+18033609843"], ["from_phone_number", "+12027592300"], ["message_type", "Text"], ["message_id", 74], ["date_sent", "2016-01-26 17:59:33.982739"], ["created_at", "2016-01-26 17:59:33.984040"], ["updated_at", "2016-01-26 17:59:33.984040"]]
2016-01-26T17:59:34.340216+00:00 app[web.1]:   [1m[35m (1.1ms)[0m  SELECT COUNT(*) FROM "message_logs" WHERE "message_logs"."message_id" = $1 AND "message_logs"."status" IS NULL  [["message_id", 74]]
2016-01-26T17:59:34.314944+00:00 app[web.1]:   [1m[36m (2.4ms)[0m  [1mCOMMIT[0m
2016-01-26T17:59:34.317684+00:00 app[web.1]: Completed 200 OK in 682ms (Views: 2.4ms | ActiveRecord: 30.1ms)
2016-01-26T17:59:34.321375+00:00 app[web.1]: Processing by TwilioController#status as */*
2016-01-26T17:59:34.330356+00:00 app[web.1]:   [1m[35mSQL (1.1ms)[0m  UPDATE "message_logs" SET "status" = $1, "account_sid" = $2, "updated_at" = $3 WHERE "message_logs"."id" = $4  [["status", "sent"], ["account_sid", "AC26cffd81446061228c9feb816c7744f2"], ["updated_at", "2016-01-26 17:59:34.327317"], ["id", 132]]
2016-01-26T17:59:34.307061+00:00 app[web.1]:   [1m[36mGroup Load (1.2ms)[0m  [1mSELECT "groups".* FROM "groups" INNER JOIN "groups_messages" ON "groups"."id" = "groups_messages"."group_id" WHERE "groups_messages"."message_id" = $1[0m  [["message_id", 73]]
2016-01-26T17:59:34.321408+00:00 app[web.1]:   Parameters: {"SmsSid"=>"SM2e823a0d633144b1958bb243ed5cf373", "SmsStatus"=>"sent", "Body"=>"DO NOT REPLY... From David Manuel <+18033609843>: Test", "MessageStatus"=>"sent", "To"=>"+18033609843", "MessageSid"=>"SM2e823a0d633144b1958bb243ed5cf373", "AccountSid"=>"AC26cffd81446061228c9feb816c7744f2", "From"=>"+12027592300", "ApiVersion"=>"2010-04-01"}
2016-01-26T17:59:34.325085+00:00 app[web.1]:   [1m[35mMessageLog Load (1.2ms)[0m  SELECT  "message_logs".* FROM "message_logs" WHERE "message_logs"."sid" = $1 LIMIT 1  [["sid", "SM2e823a0d633144b1958bb243ed5cf373"]]
2016-01-26T17:59:34.334164+00:00 app[web.1]:   [1m[35mMessage Load (1.1ms)[0m  SELECT  "messages".* FROM "messages" WHERE "messages"."id" = $1 LIMIT 1  [["id", 74]]
2016-01-26T17:59:34.345416+00:00 app[web.1]:   [1m[35m (1.1ms)[0m  SELECT COUNT(*) FROM "message_logs" WHERE "message_logs"."message_id" = $1 AND (status = 'completed')  [["message_id", 74]]
2016-01-26T17:59:34.349795+00:00 app[web.1]:   [1m[35mSQL (1.1ms)[0m  UPDATE "messages" SET "status" = $1, "updated_at" = $2 WHERE "messages"."id" = $3  [["status", "delivered 0/2"], ["updated_at", "2016-01-26 17:59:34.346899"], ["id", 74]]
2016-01-26T17:59:34.352132+00:00 app[web.1]:   Rendered text template (0.0ms)
2016-01-26T17:59:34.352319+00:00 app[web.1]: Completed 200 OK in 31ms (Views: 0.3ms | ActiveRecord: 14.4ms)
2016-01-26T17:59:34.371493+00:00 app[web.1]: Started POST "/twilio/status" for 54.209.0.88 at 2016-01-26 17:59:34 +0000
2016-01-26T17:59:34.382436+00:00 app[web.1]:   [1m[36m (1.9ms)[0m  [1mCOMMIT[0m
2016-01-26T17:59:34.298105+00:00 app[web.1]:   [1m[36mSQL (1.4ms)[0m  [1mINSERT INTO "message_logs" ("sid", "to_phone_number", "from_phone_number", "message_type", "message_id", "date_sent", "created_at", "updated_at") VALUES ($1, $2, $3, $4, $5, $6, $7, $8) RETURNING "id"[0m  [["sid", "SMb1b05d67341b41c684210b0419cf1577"], ["to_phone_number", "+12025560811"], ["from_phone_number", "+12027592300"], ["message_type", "Text"], ["message_id", 74], ["date_sent", "2016-01-26 17:59:34.293228"], ["created_at", "2016-01-26 17:59:34.294642"], ["updated_at", "2016-01-26 17:59:34.294642"]]
2016-01-26T17:59:34.389350+00:00 app[web.1]:   [1m[36m (1.2ms)[0m  [1mSELECT COUNT(*) FROM "message_logs" WHERE "message_logs"."message_id" = $1 AND (status = 'delivered')[0m  [["message_id", 74]]
2016-01-26T17:59:34.392245+00:00 app[web.1]:   [1m[36m (1.1ms)[0m  [1mBEGIN[0m
2016-01-26T17:59:34.385977+00:00 app[web.1]:   [1m[36m (1.1ms)[0m  [1mSELECT COUNT(*) FROM "message_logs" WHERE "message_logs"."message_id" = $1[0m  [["message_id", 74]]
2016-01-26T17:59:34.304577+00:00 app[web.1]:   [1m[35mSQL (1.1ms)[0m  UPDATE "messages" SET "from_phone_number" = $1, "to_phone_number" = $2, "message_type" = $3, "direction" = $4, "status" = $5, "body" = $6, "created_at" = $7, "updated_at" = $8, "id" = $9 WHERE "messages"."id" = $10  [["from_phone_number", "David Manuel <+18033609843>"], ["to_phone_number", "David Manuel <+18033609843>, David Manuel <+12025560811>"], ["message_type", "Text"], ["direction", "outgoing"], ["status", "sent"], ["body", "DO NOT REPLY... From David Manuel <+18033609843>: Test"], ["created_at", "2016-01-26 17:59:33.667408"], ["updated_at", "2016-01-26 17:59:33.667408"], ["id", 74], ["id", 74]]
2016-01-26T17:59:34.346640+00:00 app[web.1]:   [1m[36m (1.0ms)[0m  [1mBEGIN[0m
2016-01-26T17:59:34.318628+00:00 app[web.1]: Started POST "/twilio/status" for 54.152.103.46 at 2016-01-26 17:59:34 +0000
2016-01-26T17:59:34.337481+00:00 app[web.1]:   [1m[36m (1.1ms)[0m  [1mSELECT COUNT(*) FROM "message_logs" WHERE "message_logs"."message_id" = $1[0m  [["message_id", 74]]
2016-01-26T17:59:34.326632+00:00 app[web.1]:   [1m[36m (1.0ms)[0m  [1mBEGIN[0m
2016-01-26T17:59:34.310695+00:00 app[web.1]:   [1m[35mContact Load (1.3ms)[0m  SELECT "contacts".* FROM "contacts" INNER JOIN "contacts_messages" ON "contacts"."id" = "contacts_messages"."contact_id" WHERE "contacts_messages"."message_id" = $1  [["message_id", 73]]
2016-01-26T17:59:34.373445+00:00 app[web.1]: Processing by TwilioController#status as */*
2016-01-26T17:59:34.342790+00:00 app[web.1]:   [1m[36m (1.1ms)[0m  [1mSELECT COUNT(*) FROM "message_logs" WHERE "message_logs"."message_id" = $1 AND (status = 'delivered')[0m  [["message_id", 74]]
2016-01-26T17:59:34.380078+00:00 app[web.1]:   [1m[35mSQL (2.0ms)[0m  UPDATE "message_logs" SET "status" = $1, "account_sid" = $2, "updated_at" = $3 WHERE "message_logs"."id" = $4  [["status", "sent"], ["account_sid", "AC26cffd81446061228c9feb816c7744f2"], ["updated_at", "2016-01-26 17:59:34.377118"], ["id", 133]]
2016-01-26T17:59:34.376459+00:00 app[web.1]:   [1m[36m (1.0ms)[0m  [1mBEGIN[0m
2016-01-26T17:59:34.375032+00:00 app[web.1]:   [1m[35mMessageLog Load (1.1ms)[0m  SELECT  "message_logs".* FROM "message_logs" WHERE "message_logs"."sid" = $1 LIMIT 1  [["sid", "SMb1b05d67341b41c684210b0419cf1577"]]
2016-01-26T17:59:34.351791+00:00 app[web.1]:   [1m[36m (1.7ms)[0m  [1mCOMMIT[0m
2016-01-26T17:59:34.393953+00:00 app[web.1]:   [1m[35m (1.0ms)[0m  COMMIT
2016-01-26T17:59:34.317454+00:00 app[web.1]:   Rendered text template (0.0ms)
2016-01-26T17:59:34.394563+00:00 app[web.1]: Completed 200 OK in 21ms (Views: 0.3ms | ActiveRecord: 13.8ms)
2016-01-26T17:59:34.332528+00:00 app[web.1]:   [1m[36m (1.8ms)[0m  [1mCOMMIT[0m
2016-01-26T17:59:34.387598+00:00 app[web.1]:   [1m[35m (1.1ms)[0m  SELECT COUNT(*) FROM "message_logs" WHERE "message_logs"."message_id" = $1 AND "message_logs"."status" IS NULL  [["message_id", 74]]
2016-01-26T17:59:34.384014+00:00 app[web.1]:   [1m[35mMessage Load (1.1ms)[0m  SELECT  "messages".* FROM "messages" WHERE "messages"."id" = $1 LIMIT 1  [["id", 74]]
2016-01-26T17:59:34.394376+00:00 app[web.1]:   Rendered text template (0.0ms)
2016-01-26T17:59:34.373474+00:00 app[web.1]:   Parameters: {"SmsSid"=>"SMb1b05d67341b41c684210b0419cf1577", "SmsStatus"=>"sent", "Body"=>"DO NOT REPLY... From David Manuel <+18033609843>: Test", "MessageStatus"=>"sent", "To"=>"+12025560811", "MessageSid"=>"SMb1b05d67341b41c684210b0419cf1577", "AccountSid"=>"AC26cffd81446061228c9feb816c7744f2", "From"=>"+12027592300", "ApiVersion"=>"2010-04-01"}
2016-01-26T17:59:34.390939+00:00 app[web.1]:   [1m[35m (1.1ms)[0m  SELECT COUNT(*) FROM "message_logs" WHERE "message_logs"."message_id" = $1 AND (status = 'completed')  [["message_id", 74]]
2016-01-26T17:59:34.602398+00:00 app[web.1]: Processing by TwilioController#status as */*
2016-01-26T17:59:34.602429+00:00 app[web.1]:   Parameters: {"SmsSid"=>"SMb1b05d67341b41c684210b0419cf1577", "SmsStatus"=>"delivered", "Body"=>"DO NOT REPLY... From David Manuel <+18033609843>: Test", "MessageStatus"=>"delivered", "To"=>"+12025560811", "MessageSid"=>"SMb1b05d67341b41c684210b0419cf1577", "AccountSid"=>"AC26cffd81446061228c9feb816c7744f2", "From"=>"+12027592300", "ApiVersion"=>"2010-04-01"}
2016-01-26T17:59:34.604182+00:00 app[web.1]:   [1m[36mMessageLog Load (1.2ms)[0m  [1mSELECT  "message_logs".* FROM "message_logs" WHERE "message_logs"."sid" = $1 LIMIT 1[0m  [["sid", "SMb1b05d67341b41c684210b0419cf1577"]]
2016-01-26T17:59:34.610213+00:00 app[web.1]:   [1m[36mSQL (1.1ms)[0m  [1mUPDATE "message_logs" SET "status" = $1, "updated_at" = $2 WHERE "message_logs"."id" = $3[0m  [["status", "delivered"], ["updated_at", "2016-01-26 17:59:34.606753"], ["id", 133]]
2016-01-26T17:59:34.614181+00:00 app[web.1]:   [1m[36mMessage Load (1.1ms)[0m  [1mSELECT  "messages".* FROM "messages" WHERE "messages"."id" = $1 LIMIT 1[0m  [["id", 74]]
2016-01-26T17:59:34.618392+00:00 app[web.1]:   [1m[36m (1.1ms)[0m  [1mSELECT COUNT(*) FROM "message_logs" WHERE "message_logs"."message_id" = $1 AND "message_logs"."status" IS NULL[0m  [["message_id", 74]]
2016-01-26T17:59:34.621892+00:00 app[web.1]:   [1m[36m (1.1ms)[0m  [1mSELECT COUNT(*) FROM "message_logs" WHERE "message_logs"."message_id" = $1 AND (status = 'completed')[0m  [["message_id", 74]]
2016-01-26T17:59:34.625775+00:00 app[web.1]:   [1m[36mSQL (1.1ms)[0m  [1mUPDATE "messages" SET "status" = $1, "updated_at" = $2 WHERE "messages"."id" = $3[0m  [["status", "delivered 1/2"], ["updated_at", "2016-01-26 17:59:34.623530"], ["id", 74]]
2016-01-26T17:59:34.628468+00:00 app[web.1]:   Rendered text template (0.0ms)
2016-01-26T17:59:34.616580+00:00 app[web.1]:   [1m[35m (1.2ms)[0m  SELECT COUNT(*) FROM "message_logs" WHERE "message_logs"."message_id" = $1  [["message_id", 74]]
2016-01-26T17:59:34.612426+00:00 app[web.1]:   [1m[35m (1.7ms)[0m  COMMIT
2016-01-26T17:59:34.623171+00:00 app[web.1]:   [1m[35m (1.0ms)[0m  BEGIN
2016-01-26T17:59:34.600025+00:00 app[web.1]: Started POST "/twilio/status" for 54.165.213.236 at 2016-01-26 17:59:34 +0000
2016-01-26T17:59:34.605874+00:00 app[web.1]:   [1m[35m (1.0ms)[0m  BEGIN
2016-01-26T17:59:34.620167+00:00 app[web.1]:   [1m[35m (1.1ms)[0m  SELECT COUNT(*) FROM "message_logs" WHERE "message_logs"."message_id" = $1 AND (status = 'delivered')  [["message_id", 74]]
2016-01-26T17:59:34.628039+00:00 app[web.1]:   [1m[35m (1.8ms)[0m  COMMIT
2016-01-26T17:59:34.628783+00:00 app[web.1]: Completed 200 OK in 26ms (Views: 0.3ms | ActiveRecord: 14.5ms)
2016-01-26T17:59:35.244367+00:00 app[web.1]: Processing by TwilioController#status as */*
2016-01-26T17:59:35.244418+00:00 app[web.1]:   Parameters: {"SmsSid"=>"SM2e823a0d633144b1958bb243ed5cf373", "SmsStatus"=>"delivered", "Body"=>"DO NOT REPLY... From David Manuel <+18033609843>: Test", "MessageStatus"=>"delivered", "To"=>"+18033609843", "MessageSid"=>"SM2e823a0d633144b1958bb243ed5cf373", "AccountSid"=>"AC26cffd81446061228c9feb816c7744f2", "From"=>"+12027592300", "ApiVersion"=>"2010-04-01"}
2016-01-26T17:59:35.246158+00:00 app[web.1]:   [1m[36mMessageLog Load (1.2ms)[0m  [1mSELECT  "message_logs".* FROM "message_logs" WHERE "message_logs"."sid" = $1 LIMIT 1[0m  [["sid", "SM2e823a0d633144b1958bb243ed5cf373"]]
2016-01-26T17:59:35.250689+00:00 app[web.1]:   [1m[36mSQL (1.2ms)[0m  [1mUPDATE "message_logs" SET "status" = $1, "updated_at" = $2 WHERE "message_logs"."id" = $3[0m  [["status", "delivered"], ["updated_at", "2016-01-26 17:59:35.248545"], ["id", 132]]
2016-01-26T17:59:35.254668+00:00 app[web.1]:   [1m[36mMessage Load (1.2ms)[0m  [1mSELECT  "messages".* FROM "messages" WHERE "messages"."id" = $1 LIMIT 1[0m  [["id", 74]]
2016-01-26T17:59:35.258703+00:00 app[web.1]:   [1m[36m (1.2ms)[0m  [1mSELECT COUNT(*) FROM "message_logs" WHERE "message_logs"."message_id" = $1 AND "message_logs"."status" IS NULL[0m  [["message_id", 74]]
2016-01-26T17:59:35.261951+00:00 app[web.1]:   [1m[36m (1.1ms)[0m  [1mSELECT COUNT(*) FROM "message_logs" WHERE "message_logs"."message_id" = $1 AND (status = 'completed')[0m  [["message_id", 74]]
2016-01-26T17:59:35.265317+00:00 app[web.1]:   [1m[36mSQL (1.1ms)[0m  [1mUPDATE "messages" SET "status" = $1, "updated_at" = $2 WHERE "messages"."id" = $3[0m  [["status", "delivered 2/2"], ["updated_at", "2016-01-26 17:59:35.263448"], ["id", 74]]
2016-01-26T17:59:35.267824+00:00 app[web.1]:   Rendered text template (0.0ms)
2016-01-26T17:59:35.268005+00:00 app[web.1]: Completed 200 OK in 23ms (Views: 0.4ms | ActiveRecord: 14.8ms)
2016-01-26T17:59:35.256960+00:00 app[web.1]:   [1m[35m (1.1ms)[0m  SELECT COUNT(*) FROM "message_logs" WHERE "message_logs"."message_id" = $1  [["message_id", 74]]
2016-01-26T17:59:35.252958+00:00 app[web.1]:   [1m[35m (1.8ms)[0m  COMMIT
2016-01-26T17:59:35.267355+00:00 app[web.1]:   [1m[35m (1.7ms)[0m  COMMIT
2016-01-26T17:59:35.242146+00:00 app[web.1]: Started POST "/twilio/status" for 52.90.148.84 at 2016-01-26 17:59:35 +0000
2016-01-26T17:59:35.247801+00:00 app[web.1]:   [1m[35m (1.1ms)[0m  BEGIN
2016-01-26T17:59:35.260337+00:00 app[web.1]:   [1m[35m (1.1ms)[0m  SELECT COUNT(*) FROM "message_logs" WHERE "message_logs"."message_id" = $1 AND (status = 'delivered')  [["message_id", 74]]
2016-01-26T17:59:35.263185+00:00 app[web.1]:   [1m[35m (1.0ms)[0m  BEGIN
2016-01-26T17:59:34.355229+00:00 heroku[router]: at=info method=POST path="/twilio/status" host=text-pflag.herokuapp.com request_id=f40c7ca5-a72a-413f-a307-f7b4efb401fd fwd="54.152.103.46" dyno=web.1 connect=2ms service=299ms status=200 bytes=521
2016-01-26T17:59:50.880050+00:00 app[web.1]: Processing by VisitorsController#index as HTML
2016-01-26T17:59:50.926120+00:00 app[web.1]:   [1m[35mCACHE (0.0ms)[0m  SELECT  "messages".* FROM "messages" WHERE "messages"."id" = $1 LIMIT 1  [["id", 72]]
2016-01-26T17:59:50.898113+00:00 app[web.1]:   [1m[35m (2.2ms)[0m  SELECT COUNT(*) FROM "message_logs" WHERE (from_phone_number IN ('+18033609843','+12025560811') or to_phone_number IN ('+18033609843','+12025560811'))
2016-01-26T17:59:50.918054+00:00 app[web.1]:   [1m[35mMessage Load (1.3ms)[0m  SELECT  "messages".* FROM "messages" WHERE "messages"."id" = $1 LIMIT 1  [["id", 74]]
2016-01-26T17:59:50.940426+00:00 app[web.1]:   [1m[35m (1.2ms)[0m  SELECT COUNT(*) FROM "roles" WHERE "roles"."name" = $1  [["name", "admin"]]
2016-01-26T17:59:50.937522+00:00 app[web.1]:   Rendered visitors/index.html.erb within layouts/application (44.7ms)
2016-01-26T17:59:50.941666+00:00 app[web.1]:   Rendered layouts/_nav_links_for_auth.html.erb (3.1ms)
2016-01-26T17:59:50.892253+00:00 app[web.1]:   [1m[35mCACHE (0.0ms)[0m  SELECT COUNT(*) FROM "roles" INNER JOIN "users_roles" ON "roles"."id" = "users_roles"."role_id" WHERE "users_roles"."user_id" = $1 AND (((roles.name = 'admin') AND (roles.resource_type IS NULL) AND (roles.resource_id IS NULL)) OR ((roles.name = 'user') AND (roles.resource_type IS NULL) AND (roles.resource_id IS NULL)))  [["user_id", 1]]
2016-01-26T17:59:50.933351+00:00 app[web.1]:   [1m[35mCACHE (0.0ms)[0m  SELECT  "messages".* FROM "messages" WHERE "messages"."id" = $1 LIMIT 1  [["id", 69]]
2016-01-26T17:59:50.921234+00:00 app[web.1]:   [1m[35mMessage Load (1.2ms)[0m  SELECT  "messages".* FROM "messages" WHERE "messages"."id" = $1 LIMIT 1  [["id", 73]]
2016-01-26T17:59:50.887209+00:00 app[web.1]:   [1m[35m (1.6ms)[0m  SELECT COUNT(*) FROM "roles" INNER JOIN "users_roles" ON "roles"."id" = "users_roles"."role_id" WHERE "users_roles"."user_id" = $1 AND (((roles.name = 'admin') AND (roles.resource_type IS NULL) AND (roles.resource_id IS NULL)) OR ((roles.name = 'user') AND (roles.resource_type IS NULL) AND (roles.resource_id IS NULL)))  [["user_id", 1]]
2016-01-26T17:59:50.941745+00:00 app[web.1]:   Rendered layouts/_navigation.html.erb (3.6ms)
2016-01-26T17:59:50.942176+00:00 app[web.1]: Completed 200 OK in 62ms (Views: 35.1ms | ActiveRecord: 18.6ms)
2016-01-26T17:59:50.930055+00:00 app[web.1]:   [1m[35mCACHE (0.0ms)[0m  SELECT  "messages".* FROM "messages" WHERE "messages"."id" = $1 LIMIT 1  [["id", 70]]
2016-01-26T17:59:50.941946+00:00 app[web.1]:   Rendered layouts/_messages.html.erb (0.1ms)
2016-01-26T17:59:50.870989+00:00 app[web.1]: Started GET "/" for 73.163.103.193 at 2016-01-26 17:59:50 +0000
2016-01-26T17:59:50.889454+00:00 app[web.1]:   [1m[36mContact Load (1.2ms)[0m  [1mSELECT "contacts".* FROM "contacts" WHERE "contacts"."user_id" = $1[0m  [["user_id", 1]]
2016-01-26T17:59:50.919271+00:00 app[web.1]:   [1m[36mCACHE (0.0ms)[0m  [1mSELECT  "messages".* FROM "messages" WHERE "messages"."id" = $1 LIMIT 1[0m  [["id", 74]]
2016-01-26T17:59:50.881998+00:00 app[web.1]:   [1m[36mUser Load (1.2ms)[0m  [1mSELECT  "users".* FROM "users" WHERE "users"."id" = $1 LIMIT 1[0m  [["id", 1]]
2016-01-26T17:59:50.894979+00:00 app[web.1]:   [1m[36mRole Load (1.8ms)[0m  [1mSELECT "roles".* FROM "roles" INNER JOIN "users_roles" ON "roles"."id" = "users_roles"."role_id" WHERE "users_roles"."user_id" = $1 AND (((roles.name = 'admin') AND (roles.resource_type IS NULL) AND (roles.resource_id IS NULL)))[0m  [["user_id", 1]]
2016-01-26T17:59:50.903987+00:00 app[web.1]:   [1m[36mMessageLog Load (1.6ms)[0m  [1mSELECT  "message_logs".* FROM "message_logs" WHERE (from_phone_number IN ('+18033609843','+12025560811') or to_phone_number IN ('+18033609843','+12025560811'))  ORDER BY created_at DESC LIMIT 10 OFFSET 0[0m
2016-01-26T17:59:50.923655+00:00 app[web.1]:   [1m[36mMessage Load (1.1ms)[0m  [1mSELECT  "messages".* FROM "messages" WHERE "messages"."id" = $1 LIMIT 1[0m  [["id", 72]]
2016-01-26T17:59:50.929193+00:00 app[web.1]:   [1m[36mMessage Load (1.3ms)[0m  [1mSELECT  "messages".* FROM "messages" WHERE "messages"."id" = $1 LIMIT 1[0m  [["id", 70]]
2016-01-26T17:59:50.932166+00:00 app[web.1]:   [1m[36mMessage Load (1.2ms)[0m  [1mSELECT  "messages".* FROM "messages" WHERE "messages"."id" = $1 LIMIT 1[0m  [["id", 69]]
2016-01-26T17:59:50.935916+00:00 app[web.1]:   [1m[36mMessage Load (1.7ms)[0m  [1mSELECT  "messages".* FROM "messages" WHERE "messages"."id" = $1 LIMIT 1[0m  [["id", 67]]
2016-01-26T17:59:50.938447+00:00 app[web.1]:   Rendered layouts/_navigation_links.html.erb (0.0ms)
2016-01-26T17:59:50.941121+00:00 app[web.1]:   [1m[36mCACHE (0.0ms)[0m  [1mSELECT "roles".* FROM "roles" INNER JOIN "users_roles" ON "roles"."id" = "users_roles"."role_id" WHERE "users_roles"."user_id" = $1 AND (((roles.name = 'admin') AND (roles.resource_type IS NULL) AND (roles.resource_id IS NULL)))[0m  [["user_id", 1]]
2016-01-26T18:00:43.942800+00:00 app[web.1]: Processing by MessageLogsController#index as HTML
2016-01-26T18:00:43.946986+00:00 app[web.1]:   [1m[36mRole Load (1.1ms)[0m  [1mSELECT "roles".* FROM "roles" INNER JOIN "users_roles" ON "roles"."id" = "users_roles"."role_id" WHERE "users_roles"."user_id" = $1 AND (((roles.name = 'admin') AND (roles.resource_type IS NULL) AND (roles.resource_id IS NULL)))[0m  [["user_id", 1]]
2016-01-26T18:00:43.955672+00:00 app[web.1]:   [1m[36mMessageLog Load (1.5ms)[0m  [1mSELECT  "message_logs".* FROM "message_logs"  ORDER BY created_at DESC LIMIT 20 OFFSET 0[0m
2016-01-26T18:00:43.959268+00:00 app[web.1]:   [1m[36mCACHE (0.0ms)[0m  [1mSELECT  "messages".* FROM "messages" WHERE "messages"."id" = $1 LIMIT 1[0m  [["id", 74]]
2016-01-26T18:00:43.964071+00:00 app[web.1]:   [1m[36mMessage Load (1.1ms)[0m  [1mSELECT  "messages".* FROM "messages" WHERE "messages"."id" = $1 LIMIT 1[0m  [["id", 72]]
2016-01-26T18:00:43.966734+00:00 app[web.1]:   [1m[36mMessage Load (1.1ms)[0m  [1mSELECT  "messages".* FROM "messages" WHERE "messages"."id" = $1 LIMIT 1[0m  [["id", 71]]
2016-01-26T18:00:43.970411+00:00 app[web.1]:   [1m[36mCACHE (0.0ms)[0m  [1mSELECT  "messages".* FROM "messages" WHERE "messages"."id" = $1 LIMIT 1[0m  [["id", 70]]
2016-01-26T18:00:43.972019+00:00 app[web.1]:   [1m[36mCACHE (0.0ms)[0m  [1mSELECT  "messages".* FROM "messages" WHERE "messages"."id" = $1 LIMIT 1[0m  [["id", 70]]
2016-01-26T18:00:43.973625+00:00 app[web.1]:   [1m[36mCACHE (0.0ms)[0m  [1mSELECT  "messages".* FROM "messages" WHERE "messages"."id" = $1 LIMIT 1[0m  [["id", 70]]
2016-01-26T18:00:43.975353+00:00 app[web.1]:   [1m[36mCACHE (0.0ms)[0m  [1mSELECT  "messages".* FROM "messages" WHERE "messages"."id" = $1 LIMIT 1[0m  [["id", 70]]
2016-01-26T18:00:43.977209+00:00 app[web.1]:   [1m[36mCACHE (0.0ms)[0m  [1mSELECT  "messages".* FROM "messages" WHERE "messages"."id" = $1 LIMIT 1[0m  [["id", 70]]
2016-01-26T18:00:43.979240+00:00 app[web.1]:   [1m[36mCACHE (0.0ms)[0m  [1mSELECT  "messages".* FROM "messages" WHERE "messages"."id" = $1 LIMIT 1[0m  [["id", 70]]
2016-01-26T18:00:43.982270+00:00 app[web.1]:   [1m[36mCACHE (0.0ms)[0m  [1mSELECT  "messages".* FROM "messages" WHERE "messages"."id" = $1 LIMIT 1[0m  [["id", 69]]
2016-01-26T18:00:43.984572+00:00 app[web.1]:   Rendered layouts/_navigation_links.html.erb (0.0ms)
2016-01-26T18:00:43.987097+00:00 app[web.1]:   [1m[36mCACHE (0.0ms)[0m  [1mSELECT "roles".* FROM "roles" INNER JOIN "users_roles" ON "roles"."id" = "users_roles"."role_id" WHERE "users_roles"."user_id" = $1 AND (((roles.name = 'admin') AND (roles.resource_type IS NULL) AND (roles.resource_id IS NULL)))[0m  [["user_id", 1]]
2016-01-26T18:00:43.952582+00:00 app[web.1]:   [1m[35m (1.3ms)[0m  SELECT COUNT(*) FROM "message_logs"
2016-01-26T18:00:43.968741+00:00 app[web.1]:   [1m[35mMessage Load (1.1ms)[0m  SELECT  "messages".* FROM "messages" WHERE "messages"."id" = $1 LIMIT 1  [["id", 70]]
2016-01-26T18:00:43.971231+00:00 app[web.1]:   [1m[35mCACHE (0.0ms)[0m  SELECT  "messages".* FROM "messages" WHERE "messages"."id" = $1 LIMIT 1  [["id", 70]]
2016-01-26T18:00:43.964909+00:00 app[web.1]:   [1m[35mCACHE (0.0ms)[0m  SELECT  "messages".* FROM "messages" WHERE "messages"."id" = $1 LIMIT 1  [["id", 72]]
2016-01-26T18:00:43.944692+00:00 app[web.1]:   [1m[35mUser Load (1.1ms)[0m  SELECT  "users".* FROM "users" WHERE "users"."id" = $1 LIMIT 1  [["id", 1]]
2016-01-26T18:00:43.939821+00:00 app[web.1]: Started GET "/message_logs" for 73.163.103.193 at 2016-01-26 18:00:43 +0000
2016-01-26T18:00:43.974442+00:00 app[web.1]:   [1m[35mCACHE (0.0ms)[0m  SELECT  "messages".* FROM "messages" WHERE "messages"."id" = $1 LIMIT 1  [["id", 70]]
2016-01-26T18:00:43.976260+00:00 app[web.1]:   [1m[35mCACHE (0.0ms)[0m  SELECT  "messages".* FROM "messages" WHERE "messages"."id" = $1 LIMIT 1  [["id", 70]]
2016-01-26T18:00:43.978255+00:00 app[web.1]:   [1m[35mCACHE (0.0ms)[0m  SELECT  "messages".* FROM "messages" WHERE "messages"."id" = $1 LIMIT 1  [["id", 70]]
2016-01-26T18:00:43.961159+00:00 app[web.1]:   [1m[35mMessage Load (1.1ms)[0m  SELECT  "messages".* FROM "messages" WHERE "messages"."id" = $1 LIMIT 1  [["id", 73]]
2016-01-26T18:00:43.958302+00:00 app[web.1]:   [1m[35mMessage Load (1.1ms)[0m  SELECT  "messages".* FROM "messages" WHERE "messages"."id" = $1 LIMIT 1  [["id", 74]]
2016-01-26T18:00:43.972852+00:00 app[web.1]:   [1m[35mCACHE (0.0ms)[0m  SELECT  "messages".* FROM "messages" WHERE "messages"."id" = $1 LIMIT 1  [["id", 70]]
2016-01-26T18:00:43.981313+00:00 app[web.1]:   [1m[35mMessage Load (1.1ms)[0m  SELECT  "messages".* FROM "messages" WHERE "messages"."id" = $1 LIMIT 1  [["id", 69]]
2016-01-26T18:00:43.983755+00:00 app[web.1]:   Rendered message_logs/index.html.erb within layouts/application (33.5ms)
2016-01-26T18:00:43.986402+00:00 app[web.1]:   [1m[35m (1.2ms)[0m  SELECT COUNT(*) FROM "roles" WHERE "roles"."name" = $1  [["name", "admin"]]
2016-01-26T18:00:43.987553+00:00 app[web.1]:   Rendered layouts/_nav_links_for_auth.html.erb (2.9ms)
2016-01-26T18:00:43.987799+00:00 app[web.1]:   Rendered layouts/_messages.html.erb (0.0ms)
2016-01-26T18:00:43.988014+00:00 app[web.1]: Completed 200 OK in 45ms (Views: 29.7ms | ActiveRecord: 12.9ms)
2016-01-26T18:00:43.987642+00:00 app[web.1]:   Rendered layouts/_navigation.html.erb (3.3ms)
2016-01-26T18:00:50.334538+00:00 app[web.1]:   [1m[35mUser Load (1.1ms)[0m  SELECT  "users".* FROM "users" WHERE "users"."id" = $1 LIMIT 1  [["id", 1]]
2016-01-26T18:00:50.329738+00:00 app[web.1]: Started GET "/messages" for 73.163.103.193 at 2016-01-26 18:00:50 +0000
2016-01-26T18:00:50.359949+00:00 app[web.1]:   Rendered layouts/_navigation.html.erb (4.1ms)
2016-01-26T18:00:50.357702+00:00 app[web.1]:   [1m[35m (1.1ms)[0m  SELECT COUNT(*) FROM "roles" WHERE "roles"."name" = $1  [["name", "admin"]]
2016-01-26T18:00:50.355136+00:00 app[web.1]:   Rendered messages/index.html.erb within layouts/application (14.8ms)
2016-01-26T18:00:50.343144+00:00 app[web.1]:   [1m[35m (1.2ms)[0m  SELECT COUNT(*) FROM "messages"
2016-01-26T18:00:50.359899+00:00 app[web.1]:   Rendered layouts/_nav_links_for_auth.html.erb (3.8ms)
2016-01-26T18:00:50.360339+00:00 app[web.1]: Completed 200 OK in 28ms (Views: 18.0ms | ActiveRecord: 7.0ms)
2016-01-26T18:00:50.360119+00:00 app[web.1]:   Rendered layouts/_messages.html.erb (0.1ms)
2016-01-26T18:00:50.356035+00:00 app[web.1]:   Rendered layouts/_navigation_links.html.erb (0.0ms)
2016-01-26T18:00:50.359382+00:00 app[web.1]:   [1m[36mRole Load (1.1ms)[0m  [1mSELECT "roles".* FROM "roles" INNER JOIN "users_roles" ON "roles"."id" = "users_roles"."role_id" WHERE "users_roles"."user_id" = $1 AND (((roles.name = 'admin') AND (roles.resource_type IS NULL) AND (roles.resource_id IS NULL)))[0m  [["user_id", 1]]
2016-01-26T18:00:50.346087+00:00 app[web.1]:   [1m[36mMessage Load (1.4ms)[0m  [1mSELECT  "messages".* FROM "messages"  ORDER BY created_at DESC LIMIT 10 OFFSET 0[0m
2016-01-26T18:00:50.332674+00:00 app[web.1]: Processing by MessagesController#index as HTML
2016-01-26T18:00:50.337180+00:00 app[web.1]:   [1m[36m (1.1ms)[0m  [1mSELECT COUNT(*) FROM "roles" INNER JOIN "users_roles" ON "roles"."id" = "users_roles"."role_id" WHERE "users_roles"."user_id" = $1 AND (((roles.name = 'admin') AND (roles.resource_type IS NULL) AND (roles.resource_id IS NULL)) OR ((roles.name = 'user') AND (roles.resource_type IS NULL) AND (roles.resource_id IS NULL)))[0m  [["user_id", 1]]
2016-01-26T18:00:50.363678+00:00 heroku[router]: at=info method=GET path="/messages" host=text-pflag.herokuapp.com request_id=68d6ba43-8f37-47ab-9c16-cb6ad3b34410 fwd="73.163.103.193" dyno=web.1 connect=1ms service=34ms status=200 bytes=9856
